<?xml version="1.0" encoding="UTF-8"?>
<!-- Generated by org.testng.reporters.JUnitReportReporter -->
<testsuite hostname="SHUBHAM" failures="0" tests="5" name="dnata.DnataFlight" time="1854.464" errors="0" timestamp="2022-11-17T18:37:48 IST" skipped="0">
  <testcase classname="dnata.DnataFlight" name="dnataforflight" time="245.582"/>
  <system-out/>
  <testcase classname="dnata.DnataFlight" name="dnataforflight" time="498.901"/>
  <system-out/>
  <testcase classname="dnata.DnataFlight" name="dnataforflight" time="243.743"/>
  <system-out/>
  <testcase classname="dnata.DnataFlight" name="dnataforflight" time="508.634"/>
  <system-out/>
  <testcase classname="dnata.DnataFlight" name="dnataforflight" time="357.604"/>
  <system-out/>
</testsuite> <!-- dnata.DnataFlight -->
