<?xml version="1.0" encoding="UTF-8"?>
<!-- Generated by org.testng.reporters.JUnitReportReporter -->
<testsuite hostname="SHUBHAM" failures="0" tests="1" name="dnata.DnataFlight" time="0.000" errors="0" timestamp="2023-06-26T10:21:53 IST" skipped="1">
  <testcase classname="dnata.DnataFlight" name="dnataforflight" time="0.000">
    <skipped/>
  </testcase> <!-- dnataforflight -->
  <system-out/>
</testsuite> <!-- dnata.DnataFlight -->
