<?xml version="1.0" encoding="UTF-8"?>
<!-- Generated by org.testng.reporters.JUnitReportReporter -->
<testsuite hostname="SHUBHAM" failures="0" tests="1" name="dnata.OneWayFlight" time="23.504" errors="0" timestamp="2022-10-06T14:32:50 IST" skipped="0">
  <testcase classname="dnata.OneWayFlight" name="dnataforflight" time="23.504"/>
  <system-out/>
</testsuite> <!-- dnata.OneWayFlight -->
