<?xml version="1.0" encoding="UTF-8"?>
<!-- Generated by org.testng.reporters.JUnitReportReporter -->
<testsuite hostname="SHUBHAM" failures="0" tests="2" name="dnataForAUH.DnataInsuranceForAUH" time="473.853" errors="0" timestamp="2023-07-04T16:38:34 IST" skipped="0">
  <testcase classname="dnataForAUH.DnataInsuranceForAUH" name="dnataInsurance" time="170.871"/>
  <system-out/>
  <testcase classname="dnataForAUH.DnataInsuranceForAUH" name="dnataInsurance" time="302.982"/>
  <system-out/>
</testsuite> <!-- dnataForAUH.DnataInsuranceForAUH -->
