<?xml version="1.0" encoding="UTF-8"?>
<!-- Generated by org.testng.reporters.JUnitReportReporter -->
<testsuite hostname="SHUBHAM" failures="0" tests="1" name="dnata.DnataHotel" time="0.000" errors="0" timestamp="2022-11-09T11:25:43 IST" skipped="1">
  <testcase classname="dnata.DnataHotel" name="dnataforhotel" time="0.000">
    <skipped/>
  </testcase> <!-- dnataforhotel -->
  <system-out/>
</testsuite> <!-- dnata.DnataHotel -->
