<?xml version="1.0" encoding="UTF-8"?>
<!-- Generated by org.testng.reporters.JUnitReportReporter -->
<testsuite hostname="SHUBHAM" failures="0" tests="5" name="ajalaXchangeB2C.HotelBooking" time="582.519" errors="1" timestamp="2023-09-20T18:23:12 IST" skipped="0">
  <testcase classname="ajalaXchangeB2C.HotelBooking" name="v12stagingforhotel" time="10.187">
    <error message="Invalid Number of Rooms provided  : 6" type="ajalaXchangeB2C.B2cExceptionClass">
      <![CDATA[ajalaXchangeB2C.B2cExceptionClass: Invalid Number of Rooms provided  : 6
at ajalaXchangeB2C.B2cTripType.hotelTrip(B2cTripType.java:223)
at ajalaXchangeB2C.HotelBooking.v12stagingforhotel(HotelBooking.java:66)
at java.base/jdk.internal.reflect.NativeMethodAccessorImpl.invoke0(Native Method)
at java.base/jdk.internal.reflect.NativeMethodAccessorImpl.invoke(NativeMethodAccessorImpl.java:77)
at java.base/jdk.internal.reflect.DelegatingMethodAccessorImpl.invoke(DelegatingMethodAccessorImpl.java:43)
at java.base/java.lang.reflect.Method.invoke(Method.java:568)
at org.testng.internal.MethodInvocationHelper.invokeMethod(MethodInvocationHelper.java:133)
at org.testng.internal.TestInvoker.invokeMethod(TestInvoker.java:598)
at org.testng.internal.TestInvoker.invokeTestMethod(TestInvoker.java:173)
at org.testng.internal.MethodRunner.runInSequence(MethodRunner.java:46)
at org.testng.internal.TestInvoker$MethodInvocationAgent.invoke(TestInvoker.java:824)
at org.testng.internal.TestInvoker.invokeTestMethods(TestInvoker.java:146)
at org.testng.internal.TestMethodWorker.invokeTestMethods(TestMethodWorker.java:146)
at org.testng.internal.TestMethodWorker.run(TestMethodWorker.java:128)
at java.base/java.util.ArrayList.forEach(ArrayList.java:1511)
at org.testng.TestRunner.privateRun(TestRunner.java:794)
at org.testng.TestRunner.run(TestRunner.java:596)
at org.testng.SuiteRunner.runTest(SuiteRunner.java:377)
at org.testng.SuiteRunner.runSequentially(SuiteRunner.java:371)
at org.testng.SuiteRunner.privateRun(SuiteRunner.java:332)
at org.testng.SuiteRunner.run(SuiteRunner.java:276)
at org.testng.SuiteRunnerWorker.runSuite(SuiteRunnerWorker.java:53)
at org.testng.SuiteRunnerWorker.run(SuiteRunnerWorker.java:96)
at org.testng.TestNG.runSuitesSequentially(TestNG.java:1212)
at org.testng.TestNG.runSuitesLocally(TestNG.java:1134)
at org.testng.TestNG.runSuites(TestNG.java:1063)
at org.testng.TestNG.run(TestNG.java:1031)
at org.testng.remote.AbstractRemoteTestNG.run(AbstractRemoteTestNG.java:115)
at org.testng.remote.RemoteTestNG.initAndRun(RemoteTestNG.java:251)
at org.testng.remote.RemoteTestNG.main(RemoteTestNG.java:77)
]]>
    </error>
  </testcase> <!-- v12stagingforhotel -->
  <system-out/>
  <testcase classname="ajalaXchangeB2C.HotelBooking" name="v12stagingforhotel" time="131.428"/>
  <system-out/>
  <testcase classname="ajalaXchangeB2C.HotelBooking" name="v12stagingforhotel" time="148.717"/>
  <system-out/>
  <testcase classname="ajalaXchangeB2C.HotelBooking" name="v12stagingforhotel" time="139.663"/>
  <system-out/>
  <testcase classname="ajalaXchangeB2C.HotelBooking" name="v12stagingforhotel" time="152.524"/>
  <system-out/>
</testsuite> <!-- ajalaXchangeB2C.HotelBooking -->
