<?xml version="1.0" encoding="UTF-8"?>
<!-- Generated by org.testng.reporters.JUnitReportReporter -->
<testsuite hostname="SHUBHAM" failures="0" tests="1" name="dnata.V12StagingForFlight" time="0.000" errors="0" timestamp="2022-09-13T12:07:32 IST" skipped="1">
  <testcase classname="dnata.V12StagingForFlight" name="v12Stagingforflight" time="0.000">
    <skipped/>
  </testcase> <!-- v12Stagingforflight -->
  <system-out/>
</testsuite> <!-- dnata.V12StagingForFlight -->
